<?xml version="1.0" encoding="UTF-8"?>
<testsuite xmlns:xsi="http://www.w3.org/2001/XMLSchema-instance" xsi:noNamespaceSchemaLocation="https://maven.apache.org/surefire/maven-surefire-plugin/xsd/surefire-test-report-3.0.xsd" version="3.0" name="in.ganesh.NetizoApplicationTests" time="2.352" tests="1" errors="0" skipped="0" failures="0">
  <properties>
[...]
</properties>
  <testcase name="contextLoads" classname="in.ganesh.NetizoApplicationTests" time="0.743">
    <system-out><![CDATA[08:38:51.829 [main] INFO org.springframework.test.context.support.AnnotationConfigContextLoaderUtils -- Could not detect default configuration classes for test class [in.ganesh.NetizoApplicationTests]: NetizoApplicationTests does not declare any static, non-private, non-final, nested classes annotated with @Configuration.
08:38:51.927 [main] INFO org.springframework.boot.test.context.SpringBootTestContextBootstrapper -- Found @SpringBootConfiguration in.ganesh.NetizoApplication for test class in.ganesh.NetizoApplicationTests

  .   ____          _            __ _ _
 /\\ / ___'_ __ _ _(_)_ __  __ _ \ \ \ \
( ( )\___ | '_ | '_| | '_ \/ _` | \ \ \ \
 \\/  ___)| |_)| | | | | || (_| |  ) ) ) )
  '  |____| .__|_| |_|_| |_\__, | / / / /
 =========|_|==============|___/=/_/_/_/

 :: Spring Boot ::                (v3.3.3)

2024-09-06T08:38:52.287+05:30  INFO 49916 --- [netizo] [           main] in.ganesh.NetizoApplicationTests         : Starting NetizoApplicationTests using Java 19.0.1 with PID 49916 (started by Ganesh in D:\netizo)
2024-09-06T08:38:52.288+05:30  INFO 49916 --- [netizo] [           main] in.ganesh.NetizoApplicationTests         : No active profile set, falling back to 1 default profile: "default"
2024-09-06T08:38:53.272+05:30  INFO 49916 --- [netizo] [           main] in.ganesh.NetizoApplicationTests         : Started NetizoApplicationTests in 1.201 seconds (process running for 2.033)
]]></system-out>
  </testcase>
</testsuite>